<?xml version="1.0" encoding="UTF-8"?>
<!-- Generated by org.testng.reporters.JUnitReportReporter -->
<testsuite hostname="DESKTOP-BVQ9VGC" failures="0" tests="2" name="org.TestngPrograms.ParametesUsing" time="2.682" errors="0" timestamp="01 Apr 2024 07:01:04 GMT" skipped="0">
  <testcase classname="org.TestngPrograms.ParametesUsing" name="launchbrowser" time="2.460"/>
  <testcase classname="org.TestngPrograms.ParametesUsing" name="login" time="0.222"/>
</testsuite> <!-- org.TestngPrograms.ParametesUsing -->
