<?xml version="1.0" encoding="UTF-8"?>
<!-- Generated by org.testng.reporters.JUnitReportReporter -->
<testsuite hostname="DESKTOP-BVQ9VGC" failures="0" tests="1" name="org.TestngPrograms.Allannotations" time="0.006" errors="0" timestamp="01 Apr 2024 13:07:01 GMT" skipped="0">
  <testcase classname="org.TestngPrograms.Allannotations" name="Test" time="0.006"/>
</testsuite> <!-- org.TestngPrograms.Allannotations -->
