<?xml version="1.0" encoding="UTF-8"?>
<!-- Generated by org.testng.reporters.JUnitReportReporter -->
<testsuite hostname="DESKTOP-BVQ9VGC" failures="0" tests="3" name="org.TestngPrograms.GroupTesting2" time="0.027" errors="0" timestamp="01 Apr 2024 08:39:48 GMT" skipped="0">
  <testcase classname="org.TestngPrograms.GroupTesting2" name="Moto1" time="0.009"/>
  <testcase classname="org.TestngPrograms.GroupTesting2" name="Oppo2" time="0.009"/>
  <testcase classname="org.TestngPrograms.GroupTesting2" name="Oppo1" time="0.009"/>
</testsuite> <!-- org.TestngPrograms.GroupTesting2 -->
