<?xml version="1.0" encoding="UTF-8"?>
<!-- Generated by org.testng.reporters.JUnitReportReporter -->
<testsuite hostname="DESKTOP-BVQ9VGC" failures="0" tests="4" name="org.TestngPrograms.ParallelTesting" time="42.503" errors="0" timestamp="01 Apr 2024 13:07:01 GMT" skipped="0">
  <testcase classname="org.TestngPrograms.ParallelTesting" name="Amezon" time="13.363"/>
  <testcase classname="org.TestngPrograms.ParallelTesting" name="SanpDeal" time="7.917"/>
  <testcase classname="org.TestngPrograms.ParallelTesting" name="Facebook" time="15.866"/>
  <testcase classname="org.TestngPrograms.ParallelTesting" name="Jiocenima" time="5.357"/>
</testsuite> <!-- org.TestngPrograms.ParallelTesting -->
