<?xml version="1.0" encoding="UTF-8"?>
<!-- Generated by org.testng.reporters.JUnitReportReporter -->
<testsuite hostname="DESKTOP-BVQ9VGC" failures="0" tests="3" name="org.mav.BaseClass" time="0.011" errors="0" timestamp="29 Mar 2024 12:02:06 GMT" skipped="0">
  <testcase classname="org.mav.BaseClass" name="manager" time="0.001"/>
  <testcase classname="org.mav.BaseClass" name="counsellor" time="0.009"/>
  <testcase classname="org.mav.BaseClass" name="hr" time="0.001"/>
</testsuite> <!-- org.mav.BaseClass -->
