<?xml version="1.0" encoding="UTF-8"?>
<!-- Generated by org.testng.reporters.JUnitReportReporter -->
<testsuite hostname="DESKTOP-BVQ9VGC" failures="0" tests="3" name="org.TestngPrograms.GroupsTesting" time="0.021" errors="0" timestamp="01 Apr 2024 08:39:48 GMT" skipped="0">
  <testcase classname="org.TestngPrograms.GroupsTesting" name="Apple1" time="0.009"/>
  <testcase classname="org.TestngPrograms.GroupsTesting" name="MI2" time="0.009"/>
  <testcase classname="org.TestngPrograms.GroupsTesting" name="Mi1" time="0.003"/>
</testsuite> <!-- org.TestngPrograms.GroupsTesting -->
