<?xml version="1.0" encoding="UTF-8"?>
<!-- Generated by org.testng.reporters.JUnitReportReporter -->
<testsuite hostname="DESKTOP-BVQ9VGC" failures="0" tests="3" name="org.TestngPrograms.DataProvider" time="7.515" errors="0" timestamp="01 Apr 2024 07:25:12 GMT" skipped="0">
  <testcase classname="org.TestngPrograms.DataProvider" name="login" time="2.127"/>
  <testcase classname="org.TestngPrograms.DataProvider" name="login" time="2.587"/>
  <testcase classname="org.TestngPrograms.DataProvider" name="login" time="2.801"/>
</testsuite> <!-- org.TestngPrograms.DataProvider -->
