<?xml version="1.0" encoding="UTF-8"?>
<!-- Generated by org.testng.reporters.JUnitReportReporter -->
<testsuite hostname="DESKTOP-BVQ9VGC" failures="0" tests="1" name="org.DataDriven.DatadrivenDate" time="0.520" errors="0" timestamp="09 Apr 2024 10:47:24 GMT" skipped="0">
  <testcase classname="org.DataDriven.DatadrivenDate" name="dateUsing" time="0.520"/>
</testsuite> <!-- org.DataDriven.DatadrivenDate -->
