<?xml version="1.0" encoding="UTF-8"?>
<!-- Generated by org.testng.reporters.JUnitReportReporter -->
<testsuite hostname="DESKTOP-BVQ9VGC" failures="0" tests="3" name="org.TestngPrograms.CrossBrowserTesting" time="35.246" errors="0" timestamp="02 Apr 2024 11:20:17 GMT" skipped="0">
  <testcase classname="org.TestngPrograms.CrossBrowserTesting" name="browsers" time="16.451"/>
  <testcase classname="org.TestngPrograms.CrossBrowserTesting" name="browsers" time="9.681"/>
  <testcase classname="org.TestngPrograms.CrossBrowserTesting" name="browsers" time="9.114"/>
</testsuite> <!-- org.TestngPrograms.CrossBrowserTesting -->
