<?xml version="1.0" encoding="UTF-8"?>
<!-- Generated by org.testng.reporters.JUnitReportReporter -->
<testsuite hostname="DESKTOP-BVQ9VGC" failures="0" tests="1" name="org.DataDriven.ReadexcelSheet" time="0.473" errors="0" timestamp="09 Apr 2024 10:23:59 GMT" skipped="0">
  <testcase classname="org.DataDriven.ReadexcelSheet" name="Excel" time="0.473"/>
</testsuite> <!-- org.DataDriven.ReadexcelSheet -->
